<?xml version="1.0" encoding="UTF-8"?>
<testng-results ignored="0" total="0" passed="0" failed="0" skipped="0">
  <reporter-output>
  </reporter-output>
  <suite started-at="2023-04-12T09:42:30 CDT" name="Surefire suite" finished-at="2023-04-12T09:43:20 CDT" duration-ms="49997">
    <groups>
    </groups>
    <test started-at="2023-04-12T09:42:30 CDT" name="Surefire test" finished-at="2023-04-12T09:43:20 CDT" duration-ms="49997">
    </test> <!-- Surefire test -->
  </suite> <!-- Surefire suite -->
</testng-results>
